<?xml version="1.0" encoding="UTF-8"?>
<!-- Generated by org.testng.reporters.JUnitReportReporter -->
<testsuite hostname="LTIN202063" failures="0" tests="6" name="testing.TC004_Set_Correct_Details" time="144.358" errors="0" timestamp="2024-02-28T12:44:58 IST" skipped="0">
  <testcase classname="testing.TC004_Set_Correct_Details" name="ScrollTo" time="10.144"/>
  <testcase classname="testing.TC004_Set_Correct_Details" name="set_Correct_Details" time="3.410"/>
  <testcase classname="testing.TC004_Set_Correct_Details" name="buttonDisplayed" time="0.081"/>
  <testcase classname="testing.TC004_Set_Correct_Details" name="click" time="0.284"/>
  <testcase classname="testing.TC004_Set_Correct_Details" name="getMsg" time="130.095"/>
  <testcase classname="testing.TC004_Set_Correct_Details" name="verifyMsg" time="0.344"/>
</testsuite> <!-- testing.TC004_Set_Correct_Details -->
