<?xml version="1.0" encoding="UTF-8"?>
<!-- Generated by org.testng.reporters.JUnitReportReporter -->
<testsuite hostname="LTIN202063" failures="0" tests="4" name="testing.TC003_Set_Wrong_Details" time="15.277" errors="0" timestamp="2024-02-28T12:44:58 IST" skipped="0">
  <testcase classname="testing.TC003_Set_Wrong_Details" name="ScrollTo" time="10.155"/>
  <testcase classname="testing.TC003_Set_Wrong_Details" name="set_Wrong_Details" time="2.509"/>
  <testcase classname="testing.TC003_Set_Wrong_Details" name="buttonDisplayed" time="0.062"/>
  <testcase classname="testing.TC003_Set_Wrong_Details" name="clearFields" time="2.551"/>
</testsuite> <!-- testing.TC003_Set_Wrong_Details -->
