<?xml version="1.0" encoding="UTF-8"?>
<!-- Generated by org.testng.reporters.JUnitReportReporter -->
<testsuite hostname="LTIN202063" failures="0" tests="3" name="testing.TC002_Surgeries" time="31.807" errors="0" timestamp="2024-02-28T12:44:58 IST" skipped="0">
  <testcase classname="testing.TC002_Surgeries" name="ScrollDown" time="10.480"/>
  <testcase classname="testing.TC002_Surgeries" name="get_Surgeries_List" time="4.336"/>
  <testcase classname="testing.TC002_Surgeries" name="clickOnForm" time="16.991"/>
</testsuite> <!-- testing.TC002_Surgeries -->
