<?xml version="1.0" encoding="UTF-8"?>
<!-- Generated by org.testng.reporters.JUnitReportReporter -->
<testsuite hostname="LTIN202063" failures="0" tests="6" name="testing.TC001_Doctor_Details" time="100.185" errors="0" timestamp="2024-02-28T12:44:58 IST" skipped="0">
  <testcase classname="testing.TC001_Doctor_Details" name="Check_for_correct_page" time="0.277"/>
  <testcase classname="testing.TC001_Doctor_Details" name="getting_correct_city" time="30.892"/>
  <testcase classname="testing.TC001_Doctor_Details" name="get_list_of_doctors" time="49.229"/>
  <testcase classname="testing.TC001_Doctor_Details" name="Scolldown" time="10.154"/>
  <testcase classname="testing.TC001_Doctor_Details" name="Printing_names" time="6.750"/>
  <testcase classname="testing.TC001_Doctor_Details" name="surgeriesClicked" time="2.883"/>
</testsuite> <!-- testing.TC001_Doctor_Details -->
